  -0.990   2.774   2.990   0.973  -0.184  -0.088  -0.088  -0.065   0.026
  -0.980   2.767   2.980  -0.973   0.182   0.087   0.087   0.065  -0.025
  -0.970   2.761   2.970   0.973  -0.181  -0.087  -0.087  -0.064   0.025
  -0.960   2.755   2.960  -0.974   0.180   0.086   0.086   0.064  -0.024
  -0.950   2.749   2.950   0.974  -0.178  -0.086  -0.086  -0.063   0.024
  -0.940   2.742   2.940   0.975  -0.177  -0.085  -0.085  -0.063   0.023
  -0.930   2.736   2.930  -0.975   0.176   0.084   0.084   0.062  -0.023
  -0.920   2.730   2.920  -0.975   0.174   0.084   0.084   0.062  -0.023
  -0.910   2.723   2.910  -0.976   0.173   0.083   0.083   0.061  -0.022
  -0.900   2.717   2.900  -0.976   0.172   0.082   0.082   0.061  -0.022
  -0.890   2.710   2.890   0.976  -0.170  -0.082  -0.082  -0.060   0.021
  -0.880   2.704   2.880  -0.977   0.169   0.081   0.081   0.060  -0.021
  -0.870   2.698   2.870   0.977  -0.168  -0.080  -0.080  -0.059   0.021
  -0.860   2.691   2.860  -0.978   0.166   0.080   0.080   0.058  -0.020
  -0.850   2.685   2.850  -0.978   0.165   0.079   0.079   0.058  -0.020
  -0.840   2.678   2.840  -0.978   0.163   0.078   0.078   0.057  -0.019
  -0.830   2.671   2.830   0.979  -0.162  -0.078  -0.078  -0.057   0.019
  -0.820   2.665   2.820  -0.979   0.160   0.077   0.077   0.056  -0.019
  -0.810   2.658   2.810  -0.980   0.159   0.076   0.076   0.056  -0.018
  -0.800   2.651   2.800   0.980  -0.158  -0.076  -0.076  -0.055   0.018
  -0.790   2.645   2.790   0.980  -0.156  -0.075  -0.075  -0.054   0.017
  -0.780   2.638   2.780  -0.981   0.155   0.074   0.074   0.054  -0.017
  -0.770   2.631   2.770   0.981  -0.153  -0.074  -0.074  -0.053   0.017
  -0.760   2.624   2.760  -0.981   0.152   0.073   0.073   0.053  -0.016
  -0.750   2.618   2.750  -0.982   0.150   0.072   0.072   0.052  -0.016
  -0.740   2.611   2.740   0.982  -0.149  -0.071  -0.071  -0.052   0.016
  -0.730   2.604   2.730  -0.983   0.147   0.071   0.071   0.051  -0.015
  -0.720   2.597   2.720   0.983  -0.145  -0.070  -0.070  -0.050   0.015
  -0.710   2.590   2.710   0.983  -0.144  -0.069  -0.069  -0.050   0.015
  -0.700   2.583   2.700   0.984  -0.142  -0.069  -0.069  -0.049   0.014
  -0.690   2.576   2.690   0.984  -0.141  -0.068  -0.068  -0.049   0.014
  -0.680   2.569   2.680   0.984  -0.139  -0.067  -0.067  -0.048   0.013
  -0.670   2.562   2.670   0.985  -0.138  -0.066  -0.066  -0.047   0.013
  -0.660   2.555   2.660   0.985  -0.136  -0.066  -0.066  -0.047   0.013
  -0.650   2.548   2.650   0.986  -0.134  -0.065  -0.065  -0.046   0.012
  -0.640   2.541   2.640   0.986  -0.133  -0.064  -0.064  -0.046   0.012
  -0.630   2.533   2.630   0.986  -0.131  -0.063  -0.063  -0.045   0.012
  -0.620   2.526   2.620   0.987  -0.129  -0.062  -0.062  -0.044   0.011
  -0.610   2.519   2.610   0.987  -0.128  -0.062  -0.062  -0.044   0.011
  -0.600   2.512   2.600   0.987  -0.126  -0.061  -0.061  -0.043   0.011
  -0.590   2.504   2.590   0.988  -0.124  -0.060  -0.060  -0.043   0.010
  -0.580   2.497   2.580   0.988  -0.122  -0.059  -0.059  -0.042   0.010
  -0.570   2.490   2.570   0.988  -0.121  -0.058  -0.058  -0.041   0.010
  -0.560   2.482   2.560   0.989  -0.119  -0.058  -0.058  -0.041   0.010
  -0.550   2.475   2.550   0.989  -0.117  -0.057  -0.057  -0.040   0.009
  -0.540   2.467   2.540   0.989  -0.115  -0.056  -0.056  -0.039   0.009
  -0.530   2.460   2.530   0.990  -0.114  -0.055  -0.055  -0.039   0.009
  -0.520   2.452   2.520   0.990  -0.112  -0.054  -0.054  -0.038   0.008
  -0.510   2.445   2.510   0.990  -0.110  -0.053  -0.053  -0.037   0.008
  -0.500   2.437   2.500   0.991  -0.108  -0.053  -0.053  -0.037   0.008
  -0.490   2.429   2.490   0.991  -0.106  -0.052  -0.052  -0.036   0.007
  -0.480   2.421   2.480   0.991  -0.105  -0.051  -0.051  -0.036   0.007
  -0.470   2.414   2.470   0.992  -0.103  -0.050  -0.050  -0.035   0.007
  -0.460   2.406   2.460   0.992  -0.101  -0.049  -0.049  -0.034   0.007
  -0.450   2.398   2.450   0.992  -0.099  -0.048  -0.048  -0.034   0.006
  -0.440   2.390   2.440   0.992  -0.097  -0.047  -0.047  -0.033   0.006
  -0.430   2.382   2.430   0.993  -0.095  -0.046  -0.046  -0.032   0.006
  -0.420   2.374   2.420   0.993  -0.093  -0.045  -0.045  -0.032   0.006
  -0.410   2.366   2.410  -0.993   0.091   0.044   0.044   0.031  -0.005
  -0.400   2.358   2.400  -0.994   0.089   0.044   0.044   0.030  -0.005
  -0.390   2.350   2.390   0.994  -0.087  -0.043  -0.043  -0.029   0.005
  -0.380   2.342   2.380  -0.994   0.085   0.042   0.042   0.029  -0.005
  -0.370   2.334   2.370  -0.994   0.083   0.041   0.041   0.028  -0.004
  -0.360   2.326   2.360  -0.995   0.081   0.040   0.040   0.027  -0.004
  -0.350   2.318   2.350  -0.995   0.079   0.039   0.039   0.027  -0.004
  -0.340   2.309   2.340  -0.995   0.077   0.038   0.038   0.026  -0.004
  -0.330   2.301   2.330  -0.995   0.075   0.037   0.037   0.025  -0.004
  -0.320   2.293   2.320  -0.996   0.073   0.036   0.036   0.025  -0.003
  -0.310   2.284   2.310  -0.996   0.071   0.035   0.035   0.024  -0.003
  -0.300   2.276   2.300   0.996  -0.069  -0.034  -0.034  -0.023   0.003
  -0.290   2.267   2.290  -0.996   0.067   0.033   0.033   0.022  -0.003
  -0.280   2.259   2.280  -0.997   0.065   0.032   0.032   0.022  -0.003
  -0.270   2.250   2.270  -0.997   0.063   0.031   0.031   0.021  -0.002
  -0.260   2.242   2.260  -0.997   0.061   0.030   0.030   0.020  -0.002
  -0.250   2.233   2.250  -0.997   0.058   0.029   0.029   0.020  -0.002
  -0.240   2.224   2.240  -0.997   0.056   0.028   0.028   0.019  -0.002
  -0.230   2.216   2.230  -0.998   0.054   0.027   0.027   0.018  -0.002
  -0.220   2.207   2.220  -0.998   0.052   0.025   0.025   0.017  -0.002
  -0.210   2.198   2.210  -0.998   0.050   0.024   0.024   0.017  -0.002
  -0.200   2.189   2.200  -0.998   0.047   0.023   0.023   0.016  -0.001
  -0.190   2.180   2.190  -0.998   0.045   0.022   0.022   0.015  -0.001
  -0.180   2.171   2.180  -0.999   0.043   0.021   0.021   0.014  -0.001
  -0.170   2.162   2.170  -0.999   0.041   0.020   0.020   0.014  -0.001
  -0.160   2.153   2.160  -0.999   0.038   0.019   0.019   0.013  -0.001
  -0.150   2.144   2.150  -0.999   0.036   0.018   0.018   0.012  -0.001
  -0.140   2.135   2.140  -0.999   0.034   0.017   0.017   0.011  -0.001
  -0.130   2.125   2.130  -0.999   0.031   0.016   0.016   0.010  -0.001
  -0.120   2.116   2.120   0.999  -0.029  -0.014  -0.014  -0.010   0.001
  -0.110   2.107   2.110   0.999  -0.027  -0.013  -0.013  -0.009   0.000
  -0.100   2.097   2.100   1.000  -0.024  -0.012  -0.012  -0.008   0.000
  -0.090   2.088   2.090   1.000  -0.022  -0.011  -0.011  -0.007   0.000
  -0.080   2.078   2.080   1.000  -0.020  -0.010  -0.010  -0.007   0.000
  -0.070   2.069   2.070   1.000  -0.017  -0.009  -0.009  -0.006   0.000
  -0.060   2.059   2.060   1.000  -0.015  -0.007  -0.007  -0.005   0.000
  -0.050   2.049   2.050   1.000  -0.012  -0.006  -0.006  -0.004   0.000
  -0.040   2.040   2.040   1.000  -0.010  -0.005  -0.005  -0.003   0.000
  -0.030   2.030   2.030   1.000  -0.007  -0.004  -0.004  -0.002   0.000
  -0.020   2.020   2.020   1.000  -0.005  -0.002  -0.002  -0.002   0.000
  -0.010   2.010   2.010   1.000  -0.002  -0.001  -0.001  -0.001   0.000
  -0.000   2.000   2.000  -1.000   0.000   0.000   0.000   0.000  -0.000
   0.010   1.990   1.990   1.000   0.003   0.001   0.001   0.001   0.000
   0.020   1.980   1.980   1.000   0.005   0.003   0.003   0.002   0.000
   0.030   1.970   1.970   1.000   0.008   0.004   0.004   0.003   0.000
   0.040   1.960   1.960   1.000   0.010   0.005   0.005   0.003   0.000
   0.050   1.949   1.950   1.000   0.013   0.006   0.006   0.004   0.000
   0.060   1.939   1.940   1.000   0.015   0.008   0.008   0.005   0.000
   0.070   1.929   1.930   1.000   0.018   0.009   0.009   0.006   0.000
   0.080   1.918   1.920   1.000   0.020   0.010   0.010   0.007   0.000
   0.090   1.908   1.910   1.000   0.023   0.012   0.012   0.008   0.000
   0.100   1.897   1.900   0.999   0.026   0.013   0.013   0.009   0.000
   0.110   1.886   1.890   0.999   0.028   0.014   0.014   0.009   0.000
   0.120   1.876   1.880   0.999   0.031   0.016   0.016   0.010   0.001
   0.130   1.865   1.870   0.999   0.034   0.017   0.017   0.011   0.001
   0.140   1.854   1.860   0.999   0.036   0.018   0.018   0.012   0.001
   0.150   1.843   1.850   0.999   0.039   0.020   0.020   0.013   0.001
   0.160   1.832   1.840   0.999   0.042   0.021   0.021   0.014   0.001
   0.170   1.821   1.830  -0.998  -0.044  -0.022  -0.022  -0.015  -0.001
   0.180   1.810   1.820  -0.998  -0.047  -0.024  -0.024  -0.016  -0.001
   0.190   1.799   1.810  -0.998  -0.050  -0.025  -0.025  -0.017  -0.001
   0.200   1.788   1.800  -0.998  -0.052  -0.027  -0.027  -0.018  -0.002
   0.210   1.776   1.790  -0.998  -0.055  -0.028  -0.028  -0.018  -0.002
   0.220   1.765   1.780  -0.997  -0.058  -0.029  -0.029  -0.019  -0.002
   0.230   1.754   1.770  -0.997  -0.061  -0.031  -0.031  -0.020  -0.002
   0.240   1.742   1.760  -0.997  -0.063  -0.032  -0.032  -0.021  -0.002
   0.250   1.730   1.750  -0.996  -0.066  -0.034  -0.034  -0.022  -0.002
   0.260   1.719   1.740  -0.996  -0.069  -0.035  -0.035  -0.023  -0.003
   0.270   1.707   1.730  -0.996  -0.072  -0.037  -0.037  -0.024  -0.003
   0.280   1.695   1.720  -0.995  -0.074  -0.038  -0.038  -0.025  -0.003
   0.290   1.683   1.710  -0.995  -0.077  -0.040  -0.040  -0.026  -0.003
   0.300   1.671   1.700  -0.995  -0.080  -0.041  -0.041  -0.027  -0.004
   0.310   1.659   1.690  -0.994  -0.083  -0.043  -0.043  -0.028  -0.004
   0.320   1.647   1.680  -0.994  -0.086  -0.044  -0.044  -0.029  -0.004
   0.330   1.635   1.670  -0.994  -0.088  -0.046  -0.046  -0.030  -0.004
   0.340   1.623   1.660  -0.993  -0.091  -0.047  -0.047  -0.031  -0.005
   0.350   1.611   1.650  -0.993  -0.094  -0.049  -0.049  -0.032  -0.005
   0.360   1.598   1.640  -0.992  -0.097  -0.050  -0.050  -0.033  -0.005
   0.370   1.586   1.630  -0.992  -0.100  -0.052  -0.052  -0.034  -0.005
   0.380   1.573   1.620  -0.991  -0.102  -0.053  -0.053  -0.035  -0.006
   0.390   1.561   1.610  -0.991  -0.105  -0.055  -0.055  -0.036  -0.006
   0.400   1.548   1.600  -0.990  -0.108  -0.056  -0.056  -0.037  -0.006
   0.410   1.535   1.590  -0.990  -0.111  -0.058  -0.058  -0.038  -0.007
   0.420   1.522   1.580  -0.989  -0.114  -0.059  -0.059  -0.039  -0.007
   0.430   1.509   1.570  -0.989  -0.117  -0.061  -0.061  -0.040  -0.007
   0.440   1.496   1.560  -0.988  -0.120  -0.063  -0.063  -0.041  -0.008
   0.450   1.483   1.550  -0.987  -0.122  -0.064  -0.064  -0.042  -0.008
   0.460   1.470   1.540  -0.987  -0.125  -0.066  -0.066  -0.043  -0.009
   0.470   1.457   1.530  -0.986  -0.128  -0.067  -0.067  -0.044  -0.009
   0.480   1.444   1.520  -0.986  -0.131  -0.069  -0.069  -0.045  -0.009
   0.490   1.430   1.510  -0.985  -0.134  -0.071  -0.071  -0.046  -0.010
   0.500   1.417   1.500  -0.984  -0.137  -0.072  -0.072  -0.047  -0.010
   0.510   1.403   1.490  -0.984  -0.139  -0.074  -0.074  -0.048  -0.011
   0.520   1.390   1.480  -0.983  -0.142  -0.075  -0.075  -0.049  -0.011
   0.530   1.376   1.470  -0.982  -0.145  -0.077  -0.077  -0.050  -0.011
   0.540   1.362   1.460  -0.981  -0.148  -0.079  -0.079  -0.051  -0.012
   0.550   1.348   1.450  -0.981  -0.151  -0.080  -0.080  -0.052  -0.012
   0.560   1.334   1.440  -0.980  -0.154  -0.082  -0.082  -0.053  -0.013
   0.570   1.320   1.430  -0.979  -0.157  -0.083  -0.083  -0.054  -0.013
   0.580   1.306   1.420  -0.978  -0.159  -0.085  -0.085  -0.055  -0.014
   0.590   1.292   1.410  -0.977  -0.162  -0.087  -0.087  -0.056  -0.014
   0.600   1.277   1.400  -0.977  -0.165  -0.088  -0.088  -0.057  -0.015
   0.610   1.263   1.390  -0.976  -0.168  -0.090  -0.090  -0.058  -0.015
   0.620   1.249   1.380  -0.975  -0.171  -0.092  -0.092  -0.059  -0.016
   0.630   1.234   1.370  -0.974  -0.174  -0.093  -0.093  -0.060  -0.016
   0.640   1.219   1.360  -0.973  -0.176  -0.095  -0.095  -0.061  -0.017
   0.650   1.205   1.350  -0.972  -0.179  -0.097  -0.097  -0.063  -0.017
   0.660   1.190   1.340  -0.971  -0.182  -0.098  -0.098  -0.064  -0.018
   0.670   1.175   1.330  -0.970  -0.185  -0.100  -0.100  -0.065  -0.018
   0.680   1.160   1.320  -0.969  -0.188  -0.101  -0.101  -0.066  -0.019
   0.690   1.145   1.310  -0.968  -0.190  -0.103  -0.103  -0.067  -0.020
   0.700   1.130   1.300  -0.967  -0.193  -0.105  -0.105  -0.068  -0.020
   0.710   1.115   1.290  -0.966  -0.196  -0.106  -0.106  -0.069  -0.021
   0.720   1.099   1.280  -0.965  -0.199  -0.108  -0.108  -0.070  -0.021
   0.730   1.084   1.270  -0.964  -0.201  -0.110  -0.110  -0.071  -0.022
   0.740   1.068   1.260  -0.963  -0.204  -0.111  -0.111  -0.072  -0.023
   0.750   1.053   1.250  -0.962  -0.207  -0.113  -0.113  -0.073  -0.023
   0.760   1.037   1.240  -0.961  -0.209  -0.115  -0.115  -0.074  -0.024
   0.770   1.021   1.230  -0.960  -0.212  -0.116  -0.116  -0.075  -0.024
   0.780   1.005   1.220   0.959   0.215   0.118   0.118   0.077   0.025
   0.790   0.990   1.210  -0.958  -0.218  -0.120  -0.120  -0.078  -0.026
   0.800   0.974   1.200  -0.957  -0.220  -0.121  -0.121  -0.079  -0.026
   0.810   0.957   1.190  -0.956  -0.223  -0.123  -0.123  -0.080  -0.027
   0.820   0.941   1.180  -0.954  -0.225  -0.125  -0.125  -0.081  -0.028
   0.830   0.925   1.170  -0.953  -0.228  -0.126  -0.126  -0.082  -0.028
   0.840   0.909   1.160  -0.952  -0.231  -0.128  -0.128  -0.083  -0.029
   0.850   0.892   1.150  -0.951  -0.233  -0.130  -0.130  -0.084  -0.030
   0.860   0.876   1.140  -0.950  -0.236  -0.131  -0.131  -0.085  -0.030
   0.870   0.859   1.130  -0.948  -0.239  -0.133  -0.133  -0.086  -0.031
   0.880   0.842   1.120  -0.947  -0.241  -0.134  -0.134  -0.087  -0.032
   0.890   0.826   1.110  -0.946  -0.244  -0.136  -0.136  -0.089  -0.032
   0.900   0.809   1.100  -0.945  -0.246  -0.138  -0.138  -0.090  -0.033
   0.910   0.792   1.090   0.943   0.249   0.139   0.139   0.091   0.034
   0.920   0.775   1.080  -0.942  -0.251  -0.141  -0.141  -0.092  -0.035
   0.930   0.758   1.070  -0.941  -0.254  -0.143  -0.143  -0.093  -0.035
   0.940   0.741   1.060  -0.939  -0.256  -0.144  -0.144  -0.094  -0.036
   0.950   0.723   1.050   0.938   0.259   0.146   0.146   0.095   0.037
   0.960   0.706   1.040  -0.937  -0.261  -0.147  -0.147  -0.096  -0.038
   0.970   0.688   1.030  -0.936  -0.263  -0.149  -0.149  -0.097  -0.038
   0.980   0.671   1.020   0.934   0.266   0.151   0.151   0.098   0.039
   0.990   0.653   1.010   0.933   0.268   0.152   0.152   0.099   0.040
   1.000   0.636   1.000  -0.931  -0.271  -0.154  -0.154  -0.101  -0.041
