  -0.990  -0.044  -0.079  -0.139  -0.060  -0.079
  -0.980  -0.036  -0.069  -0.106  -0.053  -0.069
  -0.970  -0.031  -0.061  -0.086  -0.048  -0.061
  -0.960  -0.027  -0.054  -0.073  -0.043  -0.054
  -0.950  -0.024  -0.048  -0.063  -0.040  -0.048
  -0.940  -0.021  -0.044  -0.055  -0.036  -0.044
  -0.930  -0.019  -0.040  -0.049  -0.034  -0.040
  -0.920  -0.017  -0.037  -0.044  -0.031  -0.037
  -0.910  -0.016  -0.034  -0.040  -0.029  -0.034
  -0.900  -0.014  -0.031  -0.037  -0.027  -0.031
  -0.890  -0.013  -0.029  -0.034  -0.026  -0.029
  -0.880  -0.012  -0.027  -0.031  -0.024  -0.027
  -0.870  -0.011  -0.026  -0.029  -0.023  -0.026
  -0.860  -0.010  -0.024  -0.027  -0.022  -0.024
  -0.850  -0.010  -0.023  -0.026  -0.020  -0.023
  -0.840  -0.009  -0.022  -0.024  -0.019  -0.022
  -0.830  -0.009  -0.020  -0.023  -0.019  -0.020
  -0.820  -0.008  -0.019  -0.022  -0.018  -0.019
  -0.810  -0.008  -0.018  -0.020  -0.017  -0.018
  -0.800  -0.007  -0.018  -0.019  -0.016  -0.018
  -0.790  -0.007  -0.017  -0.018  -0.015  -0.017
  -0.780  -0.006  -0.016  -0.018  -0.015  -0.016
  -0.770  -0.006  -0.015  -0.017  -0.014  -0.015
  -0.760  -0.006  -0.015  -0.016  -0.014  -0.015
  -0.750  -0.005  -0.014  -0.015  -0.013  -0.014
  -0.740  -0.005  -0.014  -0.015  -0.013  -0.014
  -0.730  -0.005  -0.013  -0.014  -0.012  -0.013
  -0.720  -0.005  -0.013  -0.014  -0.012  -0.013
  -0.710  -0.004  -0.012  -0.013  -0.011  -0.012
  -0.700  -0.004  -0.012  -0.012  -0.011  -0.012
  -0.690  -0.004  -0.011  -0.012  -0.011  -0.011
  -0.680  -0.004  -0.011  -0.012  -0.010  -0.011
  -0.670  -0.004  -0.010  -0.011  -0.010  -0.010
  -0.660  -0.003  -0.010  -0.011  -0.009  -0.010
  -0.650  -0.003  -0.010  -0.010  -0.009  -0.010
  -0.640  -0.003  -0.009  -0.010  -0.009  -0.009
  -0.630  -0.003  -0.009  -0.010  -0.009  -0.009
  -0.620  -0.003  -0.009  -0.009  -0.008  -0.009
  -0.610  -0.003  -0.009  -0.009  -0.008  -0.009
  -0.600  -0.002  -0.008  -0.009  -0.008  -0.008
  -0.590  -0.002  -0.008  -0.008  -0.008  -0.008
  -0.580  -0.002  -0.008  -0.008  -0.007  -0.008
  -0.570  -0.002  -0.007  -0.008  -0.007  -0.007
  -0.560  -0.002  -0.007  -0.008  -0.007  -0.007
  -0.550  -0.002  -0.007  -0.007  -0.007  -0.007
  -0.540  -0.002  -0.007  -0.007  -0.006  -0.007
  -0.530  -0.002  -0.007  -0.007  -0.006  -0.007
  -0.520  -0.002  -0.006  -0.007  -0.006  -0.006
  -0.510  -0.002  -0.006  -0.006  -0.006  -0.006
  -0.500  -0.001  -0.006  -0.006  -0.006  -0.006
  -0.490  -0.001  -0.006  -0.006  -0.006  -0.006
  -0.480  -0.001  -0.006  -0.006  -0.005  -0.006
  -0.470  -0.001  -0.005  -0.006  -0.005  -0.005
  -0.460  -0.001  -0.005  -0.006  -0.005  -0.005
  -0.450  -0.001  -0.005  -0.005  -0.005  -0.005
  -0.440  -0.001  -0.005  -0.005  -0.005  -0.005
  -0.430  -0.001  -0.005  -0.005  -0.005  -0.005
  -0.420  -0.001  -0.005  -0.005  -0.004  -0.005
  -0.410  -0.001  -0.004  -0.005  -0.004  -0.004
  -0.400  -0.001  -0.004  -0.005  -0.004  -0.004
  -0.390  -0.001  -0.004  -0.004  -0.004  -0.004
  -0.380  -0.001  -0.004  -0.004  -0.004  -0.004
  -0.370  -0.001  -0.004  -0.004  -0.004  -0.004
  -0.360  -0.001  -0.004  -0.004  -0.004  -0.004
  -0.350  -0.001  -0.004  -0.004  -0.004  -0.004
  -0.340  -0.001  -0.004  -0.004  -0.003  -0.004
  -0.330  -0.001  -0.003  -0.004  -0.003  -0.003
  -0.320  -0.001  -0.003  -0.003  -0.003  -0.003
  -0.310  -0.000  -0.003  -0.003  -0.003  -0.003
  -0.300  -0.000  -0.003  -0.003  -0.003  -0.003
  -0.290  -0.000  -0.003  -0.003  -0.003  -0.003
  -0.280  -0.000  -0.003  -0.003  -0.003  -0.003
  -0.270  -0.000  -0.003  -0.003  -0.003  -0.003
  -0.260  -0.000  -0.003  -0.003  -0.002  -0.003
  -0.250  -0.000  -0.002  -0.003  -0.002  -0.002
  -0.240  -0.000  -0.002  -0.002  -0.002  -0.002
  -0.230  -0.000  -0.002  -0.002  -0.002  -0.002
  -0.220  -0.000  -0.002  -0.002  -0.002  -0.002
  -0.210  -0.000  -0.002  -0.002  -0.002  -0.002
  -0.200  -0.000  -0.002  -0.002  -0.002  -0.002
  -0.190  -0.000  -0.002  -0.002  -0.002  -0.002
  -0.180  -0.000  -0.002  -0.002  -0.002  -0.002
  -0.170  -0.000  -0.002  -0.002  -0.002  -0.002
  -0.160  -0.000  -0.002  -0.002  -0.001  -0.002
  -0.150  -0.000  -0.001  -0.001  -0.001  -0.001
  -0.140  -0.000  -0.001  -0.001  -0.001  -0.001
  -0.130  -0.000  -0.001  -0.001  -0.001  -0.001
  -0.120  -0.000  -0.001  -0.001  -0.001  -0.001
  -0.110  -0.000  -0.001  -0.001  -0.001  -0.001
  -0.100  -0.000  -0.001  -0.001  -0.001  -0.001
  -0.090  -0.000  -0.001  -0.001  -0.001  -0.001
  -0.080  -0.000  -0.001  -0.001  -0.001  -0.001
  -0.070  -0.000  -0.001  -0.001  -0.001  -0.001
  -0.060  -0.000  -0.001  -0.001  -0.001  -0.001
  -0.050  -0.000  -0.000  -0.000  -0.000  -0.000
  -0.040  -0.000  -0.000  -0.000  -0.000  -0.000
  -0.030  -0.000  -0.000  -0.000  -0.000  -0.000
  -0.020  -0.000  -0.000  -0.000  -0.000  -0.000
  -0.010  -0.000  -0.000  -0.000  -0.000  -0.000
  -0.000  -0.000  -0.000  -0.000  -0.000  -0.000
   0.010  -0.000   0.000   0.000   0.000   0.000
   0.020  -0.000   0.000   0.000   0.000   0.000
   0.030  -0.000   0.000   0.000   0.000   0.000
   0.040  -0.000   0.000   0.000   0.000   0.000
   0.050  -0.000   0.000   0.000   0.000   0.000
   0.060  -0.000   0.001   0.001   0.001   0.001
   0.070  -0.000   0.001   0.001   0.001   0.001
   0.080  -0.000   0.001   0.001   0.001   0.001
   0.090  -0.000   0.001   0.001   0.001   0.001
   0.100  -0.000   0.001   0.001   0.001   0.001
   0.110  -0.000   0.001   0.001   0.001   0.001
   0.120  -0.000   0.001   0.001   0.001   0.001
   0.130  -0.000   0.001   0.001   0.001   0.001
   0.140  -0.000   0.001   0.001   0.001   0.001
   0.150  -0.000   0.001   0.001   0.001   0.001
   0.160  -0.000   0.002   0.002   0.001   0.002
   0.170  -0.000   0.002   0.002   0.002   0.002
   0.180  -0.000   0.002   0.002   0.002   0.002
   0.190  -0.000   0.002   0.002   0.002   0.002
   0.200  -0.000   0.002   0.002   0.002   0.002
   0.210  -0.000   0.002   0.002   0.002   0.002
   0.220  -0.000   0.002   0.002   0.002   0.002
   0.230  -0.000   0.002   0.002   0.002   0.002
   0.240  -0.000   0.002   0.002   0.002   0.002
   0.250  -0.000   0.003   0.003   0.002   0.003
   0.260  -0.000   0.003   0.003   0.003   0.003
   0.270  -0.000   0.003   0.003   0.003   0.003
   0.280  -0.000   0.003   0.003   0.003   0.003
   0.290  -0.000   0.003   0.003   0.003   0.003
   0.300  -0.000   0.003   0.003   0.003   0.003
   0.310  -0.000   0.003   0.003   0.003   0.003
   0.320  -0.001   0.003   0.003   0.003   0.003
   0.330  -0.001   0.003   0.004   0.003   0.003
   0.340  -0.001   0.004   0.004   0.003   0.004
   0.350  -0.001   0.004   0.004   0.004   0.004
   0.360  -0.001   0.004   0.004   0.004   0.004
   0.370  -0.001   0.004   0.004   0.004   0.004
   0.380  -0.001   0.004   0.004   0.004   0.004
   0.390  -0.001   0.004   0.005   0.004   0.004
   0.400  -0.001   0.004   0.005   0.004   0.004
   0.410  -0.001   0.005   0.005   0.004   0.005
   0.420  -0.001   0.005   0.005   0.005   0.005
   0.430  -0.001   0.005   0.005   0.005   0.005
   0.440  -0.001   0.005   0.005   0.005   0.005
   0.450  -0.001   0.005   0.006   0.005   0.005
   0.460  -0.001   0.005   0.006   0.005   0.005
   0.470  -0.001   0.006   0.006   0.005   0.006
   0.480  -0.001   0.006   0.006   0.006   0.006
   0.490  -0.001   0.006   0.006   0.006   0.006
   0.500  -0.002   0.006   0.007   0.006   0.006
   0.510  -0.002   0.006   0.007   0.006   0.006
   0.520  -0.002   0.007   0.007   0.006   0.007
   0.530  -0.002   0.007   0.007   0.007   0.007
   0.540  -0.002   0.007   0.007   0.007   0.007
   0.550  -0.002   0.007   0.008   0.007   0.007
   0.560  -0.002   0.008   0.008   0.007   0.008
   0.570  -0.002   0.008   0.008   0.007   0.008
   0.580  -0.002   0.008   0.009   0.008   0.008
   0.590  -0.002   0.008   0.009   0.008   0.008
   0.600  -0.003   0.009   0.009   0.008   0.009
   0.610  -0.003   0.009   0.010   0.008   0.009
   0.620  -0.003   0.009   0.010   0.009   0.009
   0.630  -0.003   0.010   0.010   0.009   0.010
   0.640  -0.003   0.010   0.011   0.009   0.010
   0.650  -0.003   0.010   0.011   0.010   0.010
   0.660  -0.004   0.011   0.011   0.010   0.011
   0.670  -0.004   0.011   0.012   0.010   0.011
   0.680  -0.004   0.012   0.012   0.011   0.012
   0.690  -0.004   0.012   0.013   0.011   0.012
   0.700  -0.004   0.013   0.013   0.012   0.013
   0.710  -0.005   0.013   0.014   0.012   0.013
   0.720  -0.005   0.014   0.015   0.013   0.014
   0.730  -0.005   0.014   0.015   0.013   0.014
   0.740  -0.005   0.015   0.016   0.014   0.015
   0.750  -0.006   0.015   0.017   0.014   0.015
   0.760  -0.006   0.016   0.018   0.015   0.016
   0.770  -0.007   0.017   0.019   0.016   0.017
   0.780  -0.007   0.018   0.020   0.016   0.018
   0.790  -0.007   0.019   0.021   0.017   0.019
   0.800  -0.008   0.020   0.022   0.018   0.020
   0.810  -0.008   0.021   0.023   0.019   0.021
   0.820  -0.009   0.022   0.025   0.020   0.022
   0.830  -0.010   0.023   0.026   0.021   0.023
   0.840  -0.010   0.025   0.028   0.022   0.025
   0.850  -0.011   0.026   0.030   0.024   0.026
   0.860  -0.012   0.028   0.032   0.025   0.028
   0.870  -0.013   0.030   0.035   0.027   0.030
   0.880  -0.015   0.033   0.038   0.029   0.033
   0.890  -0.016   0.035   0.042   0.031   0.035
   0.900  -0.018   0.039   0.046   0.033   0.039
   0.910  -0.020   0.043   0.051   0.036   0.043
   0.920  -0.022   0.047   0.058   0.040   0.047
   0.930  -0.025   0.053   0.066   0.044   0.053
   0.940  -0.029   0.060   0.077   0.048   0.060
   0.950  -0.034   0.069   0.092   0.055   0.069
   0.960  -0.041   0.081   0.113   0.062   0.081
   0.970  -0.051   0.099   0.146   0.073   0.099
   0.980  -0.067   0.127   0.205   0.088   0.127
   0.990  -0.100   0.179   0.336   0.112   0.179
   1.000  -0.208   0.333   0.833   0.167   0.333
