  -0.990  -0.286
  -0.980  -0.280
  -0.970  -0.274
  -0.960  -0.269
  -0.950  -0.263
  -0.940  -0.258
  -0.930  -0.252
  -0.920  -0.247
  -0.910  -0.242
  -0.900  -0.236
  -0.890  -0.231
  -0.880  -0.226
  -0.870  -0.221
  -0.860  -0.216
  -0.850  -0.211
  -0.840  -0.206
  -0.830  -0.201
  -0.820  -0.196
  -0.810  -0.191
  -0.800  -0.187
  -0.790  -0.182
  -0.780  -0.177
  -0.770  -0.173
  -0.760  -0.168
  -0.750  -0.164
  -0.740  -0.160
  -0.730  -0.155
  -0.720  -0.151
  -0.710  -0.147
  -0.700  -0.143
  -0.690  -0.139
  -0.680  -0.135
  -0.670  -0.131
  -0.660  -0.127
  -0.650  -0.123
  -0.640  -0.119
  -0.630  -0.116
  -0.620  -0.112
  -0.610  -0.109
  -0.600  -0.105
  -0.590  -0.102
  -0.580  -0.098
  -0.570  -0.095
  -0.560  -0.091
  -0.550  -0.088
  -0.540  -0.085
  -0.530  -0.082
  -0.520  -0.079
  -0.510  -0.076
  -0.500  -0.073
  -0.490  -0.070
  -0.480  -0.067
  -0.470  -0.064
  -0.460  -0.062
  -0.450  -0.059
  -0.440  -0.056
  -0.430  -0.054
  -0.420  -0.051
  -0.410  -0.049
  -0.400  -0.047
  -0.390  -0.044
  -0.380  -0.042
  -0.370  -0.040
  -0.360  -0.038
  -0.350  -0.036
  -0.340  -0.034
  -0.330  -0.032
  -0.320  -0.030
  -0.310  -0.028
  -0.300  -0.026
  -0.290  -0.025
  -0.280  -0.023
  -0.270  -0.021
  -0.260  -0.020
  -0.250  -0.018
  -0.240  -0.017
  -0.230  -0.015
  -0.220  -0.014
  -0.210  -0.013
  -0.200  -0.012
  -0.190  -0.011
  -0.180  -0.009
  -0.170  -0.008
  -0.160  -0.007
  -0.150  -0.007
  -0.140  -0.006
  -0.130  -0.005
  -0.120  -0.004
  -0.110  -0.004
  -0.100  -0.003
  -0.090  -0.002
  -0.080  -0.002
  -0.070  -0.001
  -0.060  -0.001
  -0.050  -0.001
  -0.040  -0.000
  -0.030  -0.000
  -0.020  -0.000
  -0.010  -0.000
  -0.000  -0.000
   0.010  -0.000
   0.020  -0.000
   0.030  -0.000
   0.040  -0.000
   0.050  -0.001
   0.060  -0.001
   0.070  -0.001
   0.080  -0.002
   0.090  -0.002
   0.100  -0.003
   0.110  -0.004
   0.120  -0.004
   0.130  -0.005
   0.140  -0.006
   0.150  -0.007
   0.160  -0.007
   0.170  -0.008
   0.180  -0.009
   0.190  -0.011
   0.200  -0.012
   0.210  -0.013
   0.220  -0.014
   0.230  -0.015
   0.240  -0.017
   0.250  -0.018
   0.260  -0.020
   0.270  -0.021
   0.280  -0.023
   0.290  -0.025
   0.300  -0.026
   0.310  -0.028
   0.320  -0.030
   0.330  -0.032
   0.340  -0.034
   0.350  -0.036
   0.360  -0.038
   0.370  -0.040
   0.380  -0.042
   0.390  -0.044
   0.400  -0.047
   0.410  -0.049
   0.420  -0.051
   0.430  -0.054
   0.440  -0.056
   0.450  -0.059
   0.460  -0.062
   0.470  -0.064
   0.480  -0.067
   0.490  -0.070
   0.500  -0.073
   0.510  -0.076
   0.520  -0.079
   0.530  -0.082
   0.540  -0.085
   0.550  -0.088
   0.560  -0.091
   0.570  -0.095
   0.580  -0.098
   0.590  -0.102
   0.600  -0.105
   0.610  -0.109
   0.620  -0.112
   0.630  -0.116
   0.640  -0.119
   0.650  -0.123
   0.660  -0.127
   0.670  -0.131
   0.680  -0.135
   0.690  -0.139
   0.700  -0.143
   0.710  -0.147
   0.720  -0.151
   0.730  -0.155
   0.740  -0.160
   0.750  -0.164
   0.760  -0.168
   0.770  -0.173
   0.780  -0.177
   0.790  -0.182
   0.800  -0.187
   0.810  -0.191
   0.820  -0.196
   0.830  -0.201
   0.840  -0.206
   0.850  -0.211
   0.860  -0.216
   0.870  -0.221
   0.880  -0.226
   0.890  -0.231
   0.900  -0.236
   0.910  -0.242
   0.920  -0.247
   0.930  -0.252
   0.940  -0.258
   0.950  -0.263
   0.960  -0.269
   0.970  -0.274
   0.980  -0.280
   0.990  -0.286
   1.000  -0.292
